2026-01-24 04:32:54,161 [INFO] Staring scraping cycle
2026-01-24 04:32:54,183 [INFO] Use pytorch device_name: mps
2026-01-24 04:32:54,183 [INFO] Load pretrained SentenceTransformer: /Users/wiktorosior/Desktop/Personal_projects/Optinun/mmlw-retrieval-roberta-large-v2
2026-01-24 04:32:57,173 [INFO] Pobrano 23 artykułów z TVN
2026-01-24 04:32:57,297 [INFO] Pobrano 50 artykułów z POLSAT
2026-01-24 04:32:57,511 [INFO] Pobrano 50 artykułów z INTERIA
2026-01-24 04:32:57,613 [INFO] Pobrano 50 artykułów z WPOLSCE24
2026-01-24 04:32:57,711 [INFO] Pobrano 20 artykułów z ONET
2026-01-24 04:32:57,806 [ERROR] Error when connecting to database : connection to server at "localhost" (::1), port 5432 failed: Connection refused
	Is the server running on that host and accepting TCP/IP connections?
connection to server at "localhost" (127.0.0.1), port 5432 failed: Connection refused
	Is the server running on that host and accepting TCP/IP connections?

2026-01-24 04:32:57,808 [ERROR] Cleaning duplicates Error: connection to server at "localhost" (::1), port 5432 failed: Connection refused
	Is the server running on that host and accepting TCP/IP connections?
connection to server at "localhost" (127.0.0.1), port 5432 failed: Connection refused
	Is the server running on that host and accepting TCP/IP connections?

2026-01-24 04:32:57,809 [ERROR] DBSCAN ERROR: connection to server at "localhost" (::1), port 5432 failed: Connection refused
	Is the server running on that host and accepting TCP/IP connections?
connection to server at "localhost" (127.0.0.1), port 5432 failed: Connection refused
	Is the server running on that host and accepting TCP/IP connections?

2026-01-24 04:32:57,810 [ERROR] CLEANUP ERROR: connection to server at "localhost" (::1), port 5432 failed: Connection refused
	Is the server running on that host and accepting TCP/IP connections?
connection to server at "localhost" (127.0.0.1), port 5432 failed: Connection refused
	Is the server running on that host and accepting TCP/IP connections?

2026-01-24 04:32:57,810 [INFO] Starting script
2026-01-24 04:33:16,404 [INFO] Scheduler stopped manually.
